<?xml version="1.0" encoding="UTF-8"?>
<!-- Generated by org.testng.reporters.JUnitReportReporter -->
<testsuite skipped="0" hostname="MDs-MacBook-Air.fios-router.home" name="testSet.AmazonCartTest" tests="1" failures="0" timestamp="2019-11-10T17:46:57 EST" time="33.420" errors="0">
  <testcase name="AddToCart" time="33.420" classname="testSet.AmazonCartTest"/>
</testsuite> <!-- testSet.AmazonCartTest -->
