<?xml version="1.0" encoding="UTF-8"?>
<!-- Generated by org.testng.reporters.JUnitReportReporter -->
<testsuite skipped="0" hostname="MDs-MacBook-Air.fios-router.home" name="testSet.AmazonSignOut" tests="4" failures="0" timestamp="2019-10-02T21:21:24 EDT" time="21.869" errors="0">
  <testcase name="AzHomepage" time="3.614" classname="testSet.AmazonSignOut"/>
  <testcase name="AzLogin" time="9.504" classname="testSet.AmazonSignOut"/>
  <testcase name="tittle" time="4.293" classname="testSet.AmazonSignOut"/>
  <testcase name="SignOut" time="4.458" classname="testSet.AmazonSignOut"/>
</testsuite> <!-- testSet.AmazonSignOut -->
