<?xml version="1.0" encoding="UTF-8"?>
<!-- Generated by org.testng.reporters.JUnitReportReporter -->
<testsuite skipped="0" hostname="MDs-MacBook-Air.fios-router.home" name="testSet.AmazonHmPage" tests="3" failures="0" timestamp="2019-10-02T20:49:31 EDT" time="21.673" errors="0">
  <testcase name="AzLogin" time="11.445" classname="testSet.AmazonHmPage"/>
  <testcase name="AzHomepage" time="4.983" classname="testSet.AmazonHmPage"/>
  <testcase name="tittle" time="5.245" classname="testSet.AmazonHmPage"/>
</testsuite> <!-- testSet.AmazonHmPage -->
