<?xml version="1.0" encoding="UTF-8"?>
<!-- Generated by org.testng.reporters.JUnitReportReporter -->
<testsuite skipped="0" hostname="MDs-MacBook-Air.fios-router.home" name="testSet.AmazonSignOut" tests="2" failures="0" timestamp="2019-10-05T20:45:00 EDT" time="15.683" errors="0">
  <testcase name="AzLogin" time="10.550" classname="testSet.AmazonSignOut"/>
  <testcase name="SignOut" time="5.133" classname="testSet.AmazonSignOut"/>
</testsuite> <!-- testSet.AmazonSignOut -->
