<?xml version="1.0" encoding="UTF-8"?>
<!-- Generated by org.testng.reporters.JUnitReportReporter -->
<testsuite skipped="0" hostname="MDs-MacBook-Air.fios-router.home" name="testSet.AmazonHmPage" tests="8" failures="0" timestamp="2019-11-10T17:46:57 EST" time="67.025" errors="0">
  <testcase name="AzHomepage" time="5.515" classname="testSet.AmazonHmPage"/>
  <testcase name="tittle" time="4.683" classname="testSet.AmazonHmPage"/>
  <testcase name="AzLogin" time="33.339" classname="testSet.AmazonHmPage"/>
  <testcase name="amazonlogoTest" time="4.761" classname="testSet.AmazonHmPage"/>
  <testcase name="demo3" time="4.600" classname="testSet.AmazonHmPage"/>
  <testcase name="demo" time="4.756" classname="testSet.AmazonHmPage"/>
  <testcase name="demo2" time="4.899" classname="testSet.AmazonHmPage"/>
  <testcase name="demo4" time="4.472" classname="testSet.AmazonHmPage"/>
</testsuite> <!-- testSet.AmazonHmPage -->
