<?xml version="1.0" encoding="UTF-8"?>
<!-- Generated by org.testng.reporters.JUnitReportReporter -->
<testsuite skipped="0" hostname="MDs-MacBook-Air.fios-router.home" name="testSet.AmazonHmPage" tests="3" failures="0" timestamp="2019-10-05T20:38:40 EDT" time="18.296" errors="0">
  <testcase name="AzLogin" time="9.081" classname="testSet.AmazonHmPage"/>
  <testcase name="tittle" time="4.389" classname="testSet.AmazonHmPage"/>
  <testcase name="AzHomepage" time="4.826" classname="testSet.AmazonHmPage"/>
</testsuite> <!-- testSet.AmazonHmPage -->
