<?xml version="1.0" encoding="UTF-8"?>
<!-- Generated by org.testng.reporters.JUnitReportReporter -->
<testsuite skipped="0" hostname="MDs-MacBook-Air.fios-router.home" name="testSet.AmazonHmPage" tests="3" failures="0" timestamp="2019-10-02T21:01:12 EDT" time="17.752" errors="0">
  <testcase name="tittle" time="5.885" classname="testSet.AmazonHmPage"/>
  <testcase name="AzLogin" time="8.037" classname="testSet.AmazonHmPage"/>
  <testcase name="AzHomepage" time="3.830" classname="testSet.AmazonHmPage"/>
</testsuite> <!-- testSet.AmazonHmPage -->
