<?xml version="1.0" encoding="UTF-8"?>
<!-- Generated by org.testng.reporters.JUnitReportReporter -->
<testsuite skipped="0" hostname="MDs-MacBook-Air.fios-router.home" name="testSet.AmazonRandom" tests="1" failures="0" timestamp="2019-10-05T19:19:39 EDT" time="7.319" errors="0">
  <testcase name="LogoTest" time="7.319" classname="testSet.AmazonRandom"/>
</testsuite> <!-- testSet.AmazonRandom -->
