<?xml version="1.0" encoding="UTF-8"?>
<!-- Generated by org.testng.reporters.JUnitReportReporter -->
<testsuite skipped="0" hostname="MDs-MacBook-Air.fios-router.home" name="testSet.AmazonSignOut" tests="2" failures="0" timestamp="2019-10-05T19:02:46 EDT" time="14.446" errors="0">
  <testcase name="AzLogin" time="9.609" classname="testSet.AmazonSignOut"/>
  <testcase name="SignOut" time="4.837" classname="testSet.AmazonSignOut"/>
</testsuite> <!-- testSet.AmazonSignOut -->
