<?xml version="1.0" encoding="UTF-8"?>
<!-- Generated by org.testng.reporters.JUnitReportReporter -->
<testsuite skipped="0" hostname="MDs-MacBook-Air.fios-router.home" name="testSet.AmazonHmPage" tests="6" failures="0" timestamp="2019-10-21T23:24:30 EDT" time="33.332" errors="0">
  <testcase name="AzLogin" time="10.008" classname="testSet.AmazonHmPage"/>
  <testcase name="tittle" time="4.543" classname="testSet.AmazonHmPage"/>
  <testcase name="demo" time="5.066" classname="testSet.AmazonHmPage"/>
  <testcase name="AzHomepage" time="4.320" classname="testSet.AmazonHmPage"/>
  <testcase name="demo2" time="4.791" classname="testSet.AmazonHmPage"/>
  <testcase name="demo3" time="4.604" classname="testSet.AmazonHmPage"/>
</testsuite> <!-- testSet.AmazonHmPage -->
