<?xml version="1.0" encoding="UTF-8"?>
<!-- Generated by org.testng.reporters.JUnitReportReporter -->
<testsuite skipped="0" hostname="MDs-MacBook-Air.fios-router.home" name="testSet.AmazonHmPage" tests="3" failures="0" timestamp="2019-10-21T22:39:49 EDT" time="45.134" errors="0">
  <testcase name="tittle" time="12.784" classname="testSet.AmazonHmPage"/>
  <testcase name="AzHomepage" time="10.207" classname="testSet.AmazonHmPage"/>
  <testcase name="AzLogin" time="22.143" classname="testSet.AmazonHmPage"/>
</testsuite> <!-- testSet.AmazonHmPage -->
