<?xml version="1.0" encoding="UTF-8"?>
<!-- Generated by org.testng.reporters.JUnitReportReporter -->
<testsuite skipped="0" hostname="MDs-MacBook-Air.fios-router.home" name="testSet.AmazonHmPage" tests="3" failures="0" timestamp="2019-10-02T19:37:20 EDT" time="17.367" errors="0">
  <testcase name="AzLogin" time="10.119" classname="testSet.AmazonHmPage"/>
  <testcase name="AzHomepage" time="3.920" classname="testSet.AmazonHmPage"/>
  <testcase name="tittle" time="3.328" classname="testSet.AmazonHmPage"/>
</testsuite> <!-- testSet.AmazonHmPage -->
